This is pdfTeX, Version 3.14159265-2.6-1.40.18 (TeX Live 2017/W32TeX) (preloaded format=pdflatex 2017.6.13)  7 JUL 2017 11:04
entering extended mode
 restricted \write18 enabled.
 %&-line parsing enabled.
**./annotated.tex
(./annotated.tex
LaTeX2e <2017-04-15>
Babel <3.10> and hyphenation patterns for 84 language(s) loaded.
! Undefined control sequence.
l.1 \section
            {Class List}
The control sequence at the end of the top line
of your error message was never \def'ed. If you have
misspelled it (e.g., `\hobx'), type `I' and the correct
spelling (e.g., `I\hbox'). Otherwise just continue,
and I'll forget about whatever was undefined.


! LaTeX Error: Missing \begin{document}.

See the LaTeX manual or LaTeX Companion for explanation.
Type  H <return>  for immediate help.
 ...                                              
                                                  
l.1 \section{C
              lass List}
You're in trouble here.  Try typing  <return>  to proceed.
If that doesn't work, type  X <return>  to quit.

Missing character: There is no C in font nullfont!
Missing character: There is no l in font nullfont!
Missing character: There is no a in font nullfont!
Missing character: There is no s in font nullfont!
Missing character: There is no s in font nullfont!
Missing character: There is no L in font nullfont!
Missing character: There is no i in font nullfont!
Missing character: There is no s in font nullfont!
Missing character: There is no t in font nullfont!
Missing character: There is no H in font nullfont!
Missing character: There is no e in font nullfont!
Missing character: There is no r in font nullfont!
Missing character: There is no e in font nullfont!
Missing character: There is no a in font nullfont!
Missing character: There is no r in font nullfont!
Missing character: There is no e in font nullfont!
Missing character: There is no t in font nullfont!
Missing character: There is no h in font nullfont!
Missing character: There is no e in font nullfont!
Missing character: There is no c in font nullfont!
Missing character: There is no l in font nullfont!
Missing character: There is no a in font nullfont!
Missing character: There is no s in font nullfont!
Missing character: There is no s in font nullfont!
Missing character: There is no e in font nullfont!
Missing character: There is no s in font nullfont!
Missing character: There is no , in font nullfont!
Missing character: There is no s in font nullfont!
Missing character: There is no t in font nullfont!
Missing character: There is no r in font nullfont!
Missing character: There is no u in font nullfont!
Missing character: There is no c in font nullfont!
Missing character: There is no t in font nullfont!
Missing character: There is no s in font nullfont!
Missing character: There is no , in font nullfont!
Missing character: There is no u in font nullfont!
Missing character: There is no n in font nullfont!
Missing character: There is no i in font nullfont!
Missing character: There is no o in font nullfont!
Missing character: There is no n in font nullfont!
Missing character: There is no s in font nullfont!
Missing character: There is no a in font nullfont!
Missing character: There is no n in font nullfont!
Missing character: There is no d in font nullfont!
Missing character: There is no i in font nullfont!
Missing character: There is no n in font nullfont!
Missing character: There is no t in font nullfont!
Missing character: There is no e in font nullfont!
Missing character: There is no r in font nullfont!
Missing character: There is no f in font nullfont!
Missing character: There is no a in font nullfont!
Missing character: There is no c in font nullfont!
Missing character: There is no e in font nullfont!
Missing character: There is no s in font nullfont!
Missing character: There is no w in font nullfont!
Missing character: There is no i in font nullfont!
Missing character: There is no t in font nullfont!
Missing character: There is no h in font nullfont!
Missing character: There is no b in font nullfont!
Missing character: There is no r in font nullfont!
Missing character: There is no i in font nullfont!
Missing character: There is no e in font nullfont!
Missing character: There is no f in font nullfont!
Missing character: There is no d in font nullfont!
Missing character: There is no e in font nullfont!
Missing character: There is no s in font nullfont!
Missing character: There is no c in font nullfont!
Missing character: There is no r in font nullfont!
Missing character: There is no i in font nullfont!
Missing character: There is no p in font nullfont!
Missing character: There is no t in font nullfont!
Missing character: There is no i in font nullfont!
Missing character: There is no o in font nullfont!
Missing character: There is no n in font nullfont!
Missing character: There is no s in font nullfont!
Missing character: There is no : in font nullfont!

! LaTeX Error: Environment DoxyCompactList undefined.

See the LaTeX manual or LaTeX Companion for explanation.
Type  H <return>  for immediate help.
 ...                                              
                                                  
l.2 ... brief descriptions:\begin{DoxyCompactList}
                                                  
Your command was ignored.
Type  I <command> <return>  to replace it with another command,
or  <return>  to continue without it.


Overfull \hbox (20.0pt too wide) in paragraph at lines 1--3
[]
 []


! LaTeX Error: Lonely \item--perhaps a missing list environment.

See the LaTeX manual or LaTeX Companion for explanation.
Type  H <return>  for immediate help.
 ...                                              
                                                  
l.3 \item\contentsline
                      {section}{\hyperlink{classcs110graphics_1_1__RunWithYi...

Try typing  <return>  to proceed.
If that doesn't work, type  X <return>  to quit.

! Undefined control sequence.
l.3 \item\contentsline{section}{\hyperlink
                                          {classcs110graphics_1_1__RunWithYi...
The control sequence at the end of the top line
of your error message was never \def'ed. If you have
misspelled it (e.g., `\hobx'), type `I' and the correct
spelling (e.g., `I\hbox'). Otherwise just continue,
and I'll forget about whatever was undefined.

Missing character: There is no c in font nullfont!
Missing character: There is no l in font nullfont!
Missing character: There is no a in font nullfont!
Missing character: There is no s in font nullfont!
Missing character: There is no s in font nullfont!
Missing character: There is no c in font nullfont!
Missing character: There is no s in font nullfont!
Missing character: There is no 1 in font nullfont!
Missing character: There is no 1 in font nullfont!
Missing character: There is no 0 in font nullfont!
Missing character: There is no g in font nullfont!
Missing character: There is no r in font nullfont!
Missing character: There is no a in font nullfont!
Missing character: There is no p in font nullfont!
Missing character: There is no h in font nullfont!
Missing character: There is no i in font nullfont!
Missing character: There is no c in font nullfont!
Missing character: There is no s in font nullfont!
! Missing $ inserted.
<inserted text> 
                $
l.3 ...ine{section}{\hyperlink{classcs110graphics_
                                                  1_1__RunWithYieldDelay}{cs...
I've inserted a begin-math/end-math symbol since I think
you left one out. Proceed, with fingers crossed.

LaTeX Font Info:    External font `cmex10' loaded for size
(Font)              <7> on input line 3.
LaTeX Font Info:    External font `cmex10' loaded for size
(Font)              <5> on input line 3.
! Double subscript.
l.3 ...e{section}{\hyperlink{classcs110graphics_1_
                                                  1__RunWithYieldDelay}{cs11...
I treat `x_1_2' essentially like `x_1{}_2'.

! Double subscript.
l.3 ...section}{\hyperlink{classcs110graphics_1_1_
                                                  _RunWithYieldDelay}{cs110g...
I treat `x_1_2' essentially like `x_1{}_2'.

! Missing { inserted.
<to be read again> 
                   _
l.3 ...ection}{\hyperlink{classcs110graphics_1_1__
                                                  RunWithYieldDelay}{cs110gr...
A left brace was mandatory here, so I've put one in.
You might want to delete and/or insert some corrections
so that I will find a matching right brace soon.
(If you're confused by all this, try typing `I}' now.)

Missing character: There is no - in font nullfont!
! Extra }, or forgotten $.
l.3 ...l the generator stops generating numbers )}
                                                  {\pageref{classcs110graphi...
I've deleted a group-closing symbol because it seems to be
spurious, as in `$x}$'. But perhaps the } is legitimate and
you forgot something else, as in `\hbox{$x}'. In such cases
the way to recover is to insert both the forgotten and the
deleted material, e.g., by typing `I$}'.

! Undefined control sequence.
<write> ...1__RunWithYieldDelay' on page \thepage 
                                                  \space undefined\on@line .
l.3 ...{classcs110graphics_1_1__RunWithYieldDelay}
                                                  }{}
The control sequence at the end of the top line
of your error message was never \def'ed. If you have
misspelled it (e.g., `\hobx'), type `I' and the correct
spelling (e.g., `I\hbox'). Otherwise just continue,
and I'll forget about whatever was undefined.


LaTeX Warning: Reference `classcs110graphics_1_1__RunWithYieldDelay' on page  u
ndefined on input line 3.


! LaTeX Error: Command \item invalid in math mode.

See the LaTeX manual or LaTeX Companion for explanation.
Type  H <return>  for immediate help.
 ...                                              
                                                  
l.4 \item
         \contentsline{section}{\hyperlink{classcs110graphics_1_1Circle}{cs1...

Try typing  <return>  to proceed.
If that doesn't work, type  X <return>  to quit.


! LaTeX Error: Something's wrong--perhaps a missing \item.

See the LaTeX manual or LaTeX Companion for explanation.
Type  H <return>  for immediate help.
 ...                                              
                                                  
l.4 \item\contentsline
                      {section}{\hyperlink{classcs110graphics_1_1Circle}{cs1...

Try typing  <return>  to proceed.
If that doesn't work, type  X <return>  to quit.


! LaTeX Error: Something's wrong--perhaps a missing \item.

See the LaTeX manual or LaTeX Companion for explanation.
Type  H <return>  for immediate help.
 ...                                              
                                                  
l.4 \item\contentsline
                      {section}{\hyperlink{classcs110graphics_1_1Circle}{cs1...

Try typing  <return>  to proceed.
If that doesn't work, type  X <return>  to quit.


! LaTeX Error: Lonely \item--perhaps a missing list environment.

See the LaTeX manual or LaTeX Companion for explanation.
Type  H <return>  for immediate help.
 ...                                              
                                                  
l.4 \item\contentsline
                      {section}{\hyperlink{classcs110graphics_1_1Circle}{cs1...

Try typing  <return>  to proceed.
If that doesn't work, type  X <return>  to quit.

! Undefined control sequence.
l.4 \item\contentsline{section}{\hyperlink
                                          {classcs110graphics_1_1Circle}{cs1...
The control sequence at the end of the top line
of your error message was never \def'ed. If you have
misspelled it (e.g., `\hobx'), type `I' and the correct
spelling (e.g., `I\hbox'). Otherwise just continue,
and I'll forget about whatever was undefined.

! Double subscript.
l.4 ...e{section}{\hyperlink{classcs110graphics_1_
                                                  1Circle}{cs110graphics.Cir...
I treat `x_1_2' essentially like `x_1{}_2'.

! Undefined control sequence.
l.4 ... circle, which can be added to a \hyperlink
                                                  {classcs110graphics_1_1Win...
The control sequence at the end of the top line
of your error message was never \def'ed. If you have
misspelled it (e.g., `\hobx'), type `I' and the correct
spelling (e.g., `I\hbox'). Otherwise just continue,
and I'll forget about whatever was undefined.

! Double subscript.
l.4 ...added to a \hyperlink{classcs110graphics_1_
                                                  1Window}{Window} object )}...
I treat `x_1_2' essentially like `x_1{}_2'.

! Undefined control sequence.
<write> ...10graphics_1_1Circle' on page \thepage 
                                                  \space undefined\on@line .
l.4 ...t )}{\pageref{classcs110graphics_1_1Circle}
                                                  }{}
The control sequence at the end of the top line
of your error message was never \def'ed. If you have
misspelled it (e.g., `\hobx'), type `I' and the correct
spelling (e.g., `I\hbox'). Otherwise just continue,
and I'll forget about whatever was undefined.


LaTeX Warning: Reference `classcs110graphics_1_1Circle' on page  undefined on i
nput line 4.


! LaTeX Error: Command \item invalid in math mode.

See the LaTeX manual or LaTeX Companion for explanation.
Type  H <return>  for immediate help.
 ...                                              
                                                  
l.5 \item
         \contentsline{section}{\hyperlink{classcs110graphics_1_1Event}{cs11...

Try typing  <return>  to proceed.
If that doesn't work, type  X <return>  to quit.

! Missing $ inserted.
<inserted text> 
                $
l.5 \item\contentsline
                      {section}{\hyperlink{classcs110graphics_1_1Event}{cs11...
I've inserted a begin-math/end-math symbol since I think
you left one out. Proceed, with fingers crossed.


Overfull \hbox (1296.79341pt too wide) in paragraph at lines 3--5
[][][][]\OT1/cmr/m/n/10 (\OML/cmm/m/it/10 Aclasswhichusesafunctionwhichreturnsa
generatortorerununtilthegeneratorstopsgeneratingnumbers\OT1/cmr/m/n/10 )[][][][
][][]$ 
 []


! LaTeX Error: Lonely \item--perhaps a missing list environment.

See the LaTeX manual or LaTeX Companion for explanation.
Type  H <return>  for immediate help.
 ...                                              
                                                  
l.5 \item\contentsline
                      {section}{\hyperlink{classcs110graphics_1_1Event}{cs11...

Try typing  <return>  to proceed.
If that doesn't work, type  X <return>  to quit.

! Undefined control sequence.
l.5 \item\contentsline{section}{\hyperlink
                                          {classcs110graphics_1_1Event}{cs11...
The control sequence at the end of the top line
of your error message was never \def'ed. If you have
misspelled it (e.g., `\hobx'), type `I' and the correct
spelling (e.g., `I\hbox'). Otherwise just continue,
and I'll forget about whatever was undefined.

Missing character: There is no c in font nullfont!
Missing character: There is no l in font nullfont!
Missing character: There is no a in font nullfont!
Missing character: There is no s in font nullfont!
Missing character: There is no s in font nullfont!
Missing character: There is no c in font nullfont!
Missing character: There is no s in font nullfont!
Missing character: There is no 1 in font nullfont!
Missing character: There is no 1 in font nullfont!
Missing character: There is no 0 in font nullfont!
Missing character: There is no g in font nullfont!
Missing character: There is no r in font nullfont!
Missing character: There is no a in font nullfont!
Missing character: There is no p in font nullfont!
Missing character: There is no h in font nullfont!
Missing character: There is no i in font nullfont!
Missing character: There is no c in font nullfont!
Missing character: There is no s in font nullfont!
! Missing $ inserted.
<inserted text> 
                $
l.5 ...ine{section}{\hyperlink{classcs110graphics_
                                                  1_1Event}{cs110graphics.Ev...
I've inserted a begin-math/end-math symbol since I think
you left one out. Proceed, with fingers crossed.

! Double subscript.
l.5 ...e{section}{\hyperlink{classcs110graphics_1_
                                                  1Event}{cs110graphics.Even...
I treat `x_1_2' essentially like `x_1{}_2'.

! Extra }, or forgotten $.
l.5 ...on}{\hyperlink{classcs110graphics_1_1Event}
                                                  {cs110graphics.Event} (An ...
I've deleted a group-closing symbol because it seems to be
spurious, as in `$x}$'. But perhaps the } is legitimate and
you forgot something else, as in `\hbox{$x}'. In such cases
the way to recover is to insert both the forgotten and the
deleted material, e.g., by typing `I$}'.

! Extra }, or forgotten $.
l.5 ... (An event which gets bound to an object )}
                                                  {\pageref{classcs110graphi...
I've deleted a group-closing symbol because it seems to be
spurious, as in `$x}$'. But perhaps the } is legitimate and
you forgot something else, as in `\hbox{$x}'. In such cases
the way to recover is to insert both the forgotten and the
deleted material, e.g., by typing `I$}'.

! Undefined control sequence.
<write> ...110graphics_1_1Event' on page \thepage 
                                                  \space undefined\on@line .
l.5 ...ct )}{\pageref{classcs110graphics_1_1Event}
                                                  }{}
The control sequence at the end of the top line
of your error message was never \def'ed. If you have
misspelled it (e.g., `\hobx'), type `I' and the correct
spelling (e.g., `I\hbox'). Otherwise just continue,
and I'll forget about whatever was undefined.


LaTeX Warning: Reference `classcs110graphics_1_1Event' on page  undefined on in
put line 5.


! LaTeX Error: Command \item invalid in math mode.

See the LaTeX manual or LaTeX Companion for explanation.
Type  H <return>  for immediate help.
 ...                                              
                                                  
l.6 \item
         \contentsline{section}{\hyperlink{classcs110graphics_1_1EventHandle...

Try typing  <return>  to proceed.
If that doesn't work, type  X <return>  to quit.


! LaTeX Error: Something's wrong--perhaps a missing \item.

See the LaTeX manual or LaTeX Companion for explanation.
Type  H <return>  for immediate help.
 ...                                              
                                                  
l.6 \item\contentsline
                      {section}{\hyperlink{classcs110graphics_1_1EventHandle...

Try typing  <return>  to proceed.
If that doesn't work, type  X <return>  to quit.


! LaTeX Error: Something's wrong--perhaps a missing \item.

See the LaTeX manual or LaTeX Companion for explanation.
Type  H <return>  for immediate help.
 ...                                              
                                                  
l.6 \item\contentsline
                      {section}{\hyperlink{classcs110graphics_1_1EventHandle...

Try typing  <return>  to proceed.
If that doesn't work, type  X <return>  to quit.


! LaTeX Error: Lonely \item--perhaps a missing list environment.

See the LaTeX manual or LaTeX Companion for explanation.
Type  H <return>  for immediate help.
 ...                                              
                                                  
l.6 \item\contentsline
                      {section}{\hyperlink{classcs110graphics_1_1EventHandle...

Try typing  <return>  to proceed.
If that doesn't work, type  X <return>  to quit.

! Undefined control sequence.
l.6 \item\contentsline{section}{\hyperlink
                                          {classcs110graphics_1_1EventHandle...
The control sequence at the end of the top line
of your error message was never \def'ed. If you have
misspelled it (e.g., `\hobx'), type `I' and the correct
spelling (e.g., `I\hbox'). Otherwise just continue,
and I'll forget about whatever was undefined.

! Double subscript.
l.6 ...e{section}{\hyperlink{classcs110graphics_1_
                                                  1EventHandler}{cs110graphi...
I treat `x_1_2' essentially like `x_1{}_2'.

! Undefined control sequence.
<write> ...hics_1_1EventHandler' on page \thepage 
                                                  \space undefined\on@line .
l.6 ...pageref{classcs110graphics_1_1EventHandler}
                                                  }{}
The control sequence at the end of the top line
of your error message was never \def'ed. If you have
misspelled it (e.g., `\hobx'), type `I' and the correct
spelling (e.g., `I\hbox'). Otherwise just continue,
and I'll forget about whatever was undefined.


LaTeX Warning: Reference `classcs110graphics_1_1EventHandler' on page  undefine
d on input line 6.


! LaTeX Error: Command \item invalid in math mode.

See the LaTeX manual or LaTeX Companion for explanation.
Type  H <return>  for immediate help.
 ...                                              
                                                  
l.7 \item
         \contentsline{section}{\hyperlink{classcs110graphics_1_1Fillable}{c...

Try typing  <return>  to proceed.
If that doesn't work, type  X <return>  to quit.

! Missing $ inserted.
<inserted text> 
                $
l.7 \item\contentsline
                      {section}{\hyperlink{classcs110graphics_1_1Fillable}{c...
I've inserted a begin-math/end-math symbol since I think
you left one out. Proceed, with fingers crossed.


Overfull \hbox (704.83318pt too wide) in paragraph at lines 5--7
[][]\OML/cmm/m/it/10 Event[]\OT1/cmr/m/n/10 (\OML/cmm/m/it/10 Aneventwhichgetsb
oundtoanobject\OT1/cmr/m/n/10 )[][][][][][]$ 
 []


! LaTeX Error: Lonely \item--perhaps a missing list environment.

See the LaTeX manual or LaTeX Companion for explanation.
Type  H <return>  for immediate help.
 ...                                              
                                                  
l.7 \item\contentsline
                      {section}{\hyperlink{classcs110graphics_1_1Fillable}{c...

Try typing  <return>  to proceed.
If that doesn't work, type  X <return>  to quit.

! Undefined control sequence.
l.7 \item\contentsline{section}{\hyperlink
                                          {classcs110graphics_1_1Fillable}{c...
The control sequence at the end of the top line
of your error message was never \def'ed. If you have
misspelled it (e.g., `\hobx'), type `I' and the correct
spelling (e.g., `I\hbox'). Otherwise just continue,
and I'll forget about whatever was undefined.

Missing character: There is no c in font nullfont!
Missing character: There is no l in font nullfont!
Missing character: There is no a in font nullfont!
Missing character: There is no s in font nullfont!
Missing character: There is no s in font nullfont!
Missing character: There is no c in font nullfont!
Missing character: There is no s in font nullfont!
Missing character: There is no 1 in font nullfont!
Missing character: There is no 1 in font nullfont!
Missing character: There is no 0 in font nullfont!
Missing character: There is no g in font nullfont!
Missing character: There is no r in font nullfont!
Missing character: There is no a in font nullfont!
Missing character: There is no p in font nullfont!
Missing character: There is no h in font nullfont!
Missing character: There is no i in font nullfont!
Missing character: There is no c in font nullfont!
Missing character: There is no s in font nullfont!
! Missing $ inserted.
<inserted text> 
                $
l.7 ...ine{section}{\hyperlink{classcs110graphics_
                                                  1_1Fillable}{cs110graphics...
I've inserted a begin-math/end-math symbol since I think
you left one out. Proceed, with fingers crossed.

! Double subscript.
l.7 ...e{section}{\hyperlink{classcs110graphics_1_
                                                  1Fillable}{cs110graphics.F...
I treat `x_1_2' essentially like `x_1{}_2'.

! Extra }, or forgotten $.
l.7 ...{\hyperlink{classcs110graphics_1_1Fillable}
                                                  {cs110graphics.Fillable} (...
I've deleted a group-closing symbol because it seems to be
spurious, as in `$x}$'. But perhaps the } is legitimate and
you forgot something else, as in `\hbox{$x}'. In such cases
the way to recover is to insert both the forgotten and the
deleted material, e.g., by typing `I$}'.

! Extra }, or forgotten $.
l.7 ...bject which can have its colors modified )}
                                                  {\pageref{classcs110graphi...
I've deleted a group-closing symbol because it seems to be
spurious, as in `$x}$'. But perhaps the } is legitimate and
you forgot something else, as in `\hbox{$x}'. In such cases
the way to recover is to insert both the forgotten and the
deleted material, e.g., by typing `I$}'.

! Undefined control sequence.
<write> ...graphics_1_1Fillable' on page \thepage 
                                                  \space undefined\on@line .
l.7 ...)}{\pageref{classcs110graphics_1_1Fillable}
                                                  }{}
The control sequence at the end of the top line
of your error message was never \def'ed. If you have
misspelled it (e.g., `\hobx'), type `I' and the correct
spelling (e.g., `I\hbox'). Otherwise just continue,
and I'll forget about whatever was undefined.


LaTeX Warning: Reference `classcs110graphics_1_1Fillable' on page  undefined on
 input line 7.


! LaTeX Error: Command \item invalid in math mode.

See the LaTeX manual or LaTeX Companion for explanation.
Type  H <return>  for immediate help.
 ...                                              
                                                  
l.8 \item
         \contentsline{section}{\hyperlink{classcs110graphics_1_1GraphicalOb...

Try typing  <return>  to proceed.
If that doesn't work, type  X <return>  to quit.


! LaTeX Error: Something's wrong--perhaps a missing \item.

See the LaTeX manual or LaTeX Companion for explanation.
Type  H <return>  for immediate help.
 ...                                              
                                                  
l.8 \item\contentsline
                      {section}{\hyperlink{classcs110graphics_1_1GraphicalOb...

Try typing  <return>  to proceed.
If that doesn't work, type  X <return>  to quit.


! LaTeX Error: Something's wrong--perhaps a missing \item.

See the LaTeX manual or LaTeX Companion for explanation.
Type  H <return>  for immediate help.
 ...                                              
                                                  
l.8 \item\contentsline
                      {section}{\hyperlink{classcs110graphics_1_1GraphicalOb...

Try typing  <return>  to proceed.
If that doesn't work, type  X <return>  to quit.


! LaTeX Error: Lonely \item--perhaps a missing list environment.

See the LaTeX manual or LaTeX Companion for explanation.
Type  H <return>  for immediate help.
 ...                                              
                                                  
l.8 \item\contentsline
                      {section}{\hyperlink{classcs110graphics_1_1GraphicalOb...

Try typing  <return>  to proceed.
If that doesn't work, type  X <return>  to quit.

! Undefined control sequence.
l.8 \item\contentsline{section}{\hyperlink
                                          {classcs110graphics_1_1GraphicalOb...
The control sequence at the end of the top line
of your error message was never \def'ed. If you have
misspelled it (e.g., `\hobx'), type `I' and the correct
spelling (e.g., `I\hbox'). Otherwise just continue,
and I'll forget about whatever was undefined.

! Double subscript.
l.8 ...e{section}{\hyperlink{classcs110graphics_1_
                                                  1GraphicalObject}{cs110gra...
I treat `x_1_2' essentially like `x_1{}_2'.

! Undefined control sequence.
l.8 ...any object which can be put into \hyperlink
                                                  {classcs110graphics_1_1Win...
The control sequence at the end of the top line
of your error message was never \def'ed. If you have
misspelled it (e.g., `\hobx'), type `I' and the correct
spelling (e.g., `I\hbox'). Otherwise just continue,
and I'll forget about whatever was undefined.

! Double subscript.
l.8 ...e put into \hyperlink{classcs110graphics_1_
                                                  1Window}{Window} )}{\pager...
I treat `x_1_2' essentially like `x_1{}_2'.

! Undefined control sequence.
<write> ...s_1_1GraphicalObject' on page \thepage 
                                                  \space undefined\on@line .
l.8 ...eref{classcs110graphics_1_1GraphicalObject}
                                                  }{}
The control sequence at the end of the top line
of your error message was never \def'ed. If you have
misspelled it (e.g., `\hobx'), type `I' and the correct
spelling (e.g., `I\hbox'). Otherwise just continue,
and I'll forget about whatever was undefined.


LaTeX Warning: Reference `classcs110graphics_1_1GraphicalObject' on page  undef
ined on input line 8.


! LaTeX Error: Command \item invalid in math mode.

See the LaTeX manual or LaTeX Companion for explanation.
Type  H <return>  for immediate help.
 ...                                              
                                                  
l.9 \item
         \contentsline{section}{\hyperlink{classcs110graphics_1_1Image}{cs11...

Try typing  <return>  to proceed.
If that doesn't work, type  X <return>  to quit.

! Missing $ inserted.
<inserted text> 
                $
l.9 \item\contentsline
                      {section}{\hyperlink{classcs110graphics_1_1Image}{cs11...
I've inserted a begin-math/end-math symbol since I think
you left one out. Proceed, with fingers crossed.


Overfull \hbox (1253.75282pt too wide) in paragraph at lines 7--9
[][]\OML/cmm/m/it/10 Fillable[]\OT1/cmr/m/n/10 (\OML/cmm/m/it/10 Thiswindowisap
arentclassofanyobjectwhichcanhaveitscolorsmodified\OT1/cmr/m/n/10 )[][][][][][]
$ 
 []


! LaTeX Error: Lonely \item--perhaps a missing list environment.

See the LaTeX manual or LaTeX Companion for explanation.
Type  H <return>  for immediate help.
 ...                                              
                                                  
l.9 \item\contentsline
                      {section}{\hyperlink{classcs110graphics_1_1Image}{cs11...

Try typing  <return>  to proceed.
If that doesn't work, type  X <return>  to quit.

! Undefined control sequence.
l.9 \item\contentsline{section}{\hyperlink
                                          {classcs110graphics_1_1Image}{cs11...
The control sequence at the end of the top line
of your error message was never \def'ed. If you have
misspelled it (e.g., `\hobx'), type `I' and the correct
spelling (e.g., `I\hbox'). Otherwise just continue,
and I'll forget about whatever was undefined.

Missing character: There is no c in font nullfont!
Missing character: There is no l in font nullfont!
Missing character: There is no a in font nullfont!
Missing character: There is no s in font nullfont!
Missing character: There is no s in font nullfont!
Missing character: There is no c in font nullfont!
Missing character: There is no s in font nullfont!
Missing character: There is no 1 in font nullfont!
Missing character: There is no 1 in font nullfont!
Missing character: There is no 0 in font nullfont!
Missing character: There is no g in font nullfont!
Missing character: There is no r in font nullfont!
Missing character: There is no a in font nullfont!
Missing character: There is no p in font nullfont!
Missing character: There is no h in font nullfont!
Missing character: There is no i in font nullfont!
Missing character: There is no c in font nullfont!
Missing character: There is no s in font nullfont!
! Missing $ inserted.
<inserted text> 
                $
l.9 ...ine{section}{\hyperlink{classcs110graphics_
                                                  1_1Image}{cs110graphics.Im...
I've inserted a begin-math/end-math symbol since I think
you left one out. Proceed, with fingers crossed.

! Double subscript.
l.9 ...e{section}{\hyperlink{classcs110graphics_1_
                                                  1Image}{cs110graphics.Imag...
I treat `x_1_2' essentially like `x_1{}_2'.

! Extra }, or forgotten $.
l.9 ...on}{\hyperlink{classcs110graphics_1_1Image}
                                                  {cs110graphics.Image} (An ...
I've deleted a group-closing symbol because it seems to be
spurious, as in `$x}$'. But perhaps the } is legitimate and
you forgot something else, as in `\hbox{$x}'. In such cases
the way to recover is to insert both the forgotten and the
deleted material, e.g., by typing `I$}'.

! Undefined control sequence.
l.9 ...n image, which can be added to a \hyperlink
                                                  {classcs110graphics_1_1Win...
The control sequence at the end of the top line
of your error message was never \def'ed. If you have
misspelled it (e.g., `\hobx'), type `I' and the correct
spelling (e.g., `I\hbox'). Otherwise just continue,
and I'll forget about whatever was undefined.

! Double subscript.
l.9 ...added to a \hyperlink{classcs110graphics_1_
                                                  1Window}{Window} object )}...
I treat `x_1_2' essentially like `x_1{}_2'.

! Extra }, or forgotten $.
l.9 ...scs110graphics_1_1Window}{Window} object )}
                                                  {\pageref{classcs110graphi...
I've deleted a group-closing symbol because it seems to be
spurious, as in `$x}$'. But perhaps the } is legitimate and
you forgot something else, as in `\hbox{$x}'. In such cases
the way to recover is to insert both the forgotten and the
deleted material, e.g., by typing `I$}'.

! Undefined control sequence.
<write> ...110graphics_1_1Image' on page \thepage 
                                                  \space undefined\on@line .
l.9 ...ct )}{\pageref{classcs110graphics_1_1Image}
                                                  }{}
The control sequence at the end of the top line
of your error message was never \def'ed. If you have
misspelled it (e.g., `\hobx'), type `I' and the correct
spelling (e.g., `I\hbox'). Otherwise just continue,
and I'll forget about whatever was undefined.


LaTeX Warning: Reference `classcs110graphics_1_1Image' on page  undefined on in
put line 9.


! LaTeX Error: Command \item invalid in math mode.

See the LaTeX manual or LaTeX Companion for explanation.
Type  H <return>  for immediate help.
 ...                                              
                                                  
l.10 \item
          \contentsline{section}{\hyperlink{classcs110graphics_1_1Oval}{cs11...

Try typing  <return>  to proceed.
If that doesn't work, type  X <return>  to quit.


! LaTeX Error: Something's wrong--perhaps a missing \item.

See the LaTeX manual or LaTeX Companion for explanation.
Type  H <return>  for immediate help.
 ...                                              
                                                  
l.10 \item\contentsline
                       {section}{\hyperlink{classcs110graphics_1_1Oval}{cs11...

Try typing  <return>  to proceed.
If that doesn't work, type  X <return>  to quit.


! LaTeX Error: Something's wrong--perhaps a missing \item.

See the LaTeX manual or LaTeX Companion for explanation.
Type  H <return>  for immediate help.
 ...                                              
                                                  
l.10 \item\contentsline
                       {section}{\hyperlink{classcs110graphics_1_1Oval}{cs11...

Try typing  <return>  to proceed.
If that doesn't work, type  X <return>  to quit.


! LaTeX Error: Lonely \item--perhaps a missing list environment.

See the LaTeX manual or LaTeX Companion for explanation.
Type  H <return>  for immediate help.
 ...                                              
                                                  
l.10 \item\contentsline
                       {section}{\hyperlink{classcs110graphics_1_1Oval}{cs11...

Try typing  <return>  to proceed.
If that doesn't work, type  X <return>  to quit.

! Undefined control sequence.
l.10 \item\contentsline{section}{\hyperlink
                                           {classcs110graphics_1_1Oval}{cs11...
The control sequence at the end of the top line
of your error message was never \def'ed. If you have
misspelled it (e.g., `\hobx'), type `I' and the correct
spelling (e.g., `I\hbox'). Otherwise just continue,
and I'll forget about whatever was undefined.

! Double subscript.
l.10 ...{section}{\hyperlink{classcs110graphics_1_
                                                  1Oval}{cs110graphics.Oval}...
I treat `x_1_2' essentially like `x_1{}_2'.

! Undefined control sequence.
l.10 ...n oval, which can be added to a \hyperlink
                                                  {classcs110graphics_1_1Win...
The control sequence at the end of the top line
of your error message was never \def'ed. If you have
misspelled it (e.g., `\hobx'), type `I' and the correct
spelling (e.g., `I\hbox'). Otherwise just continue,
and I'll forget about whatever was undefined.

! Double subscript.
l.10 ...dded to a \hyperlink{classcs110graphics_1_
                                                  1Window}{Window} object )}...
I treat `x_1_2' essentially like `x_1{}_2'.

! Undefined control sequence.
<write> ...s110graphics_1_1Oval' on page \thepage 
                                                  \space undefined\on@line .
l.10 ...ct )}{\pageref{classcs110graphics_1_1Oval}
                                                  }{}
The control sequence at the end of the top line
of your error message was never \def'ed. If you have
misspelled it (e.g., `\hobx'), type `I' and the correct
spelling (e.g., `I\hbox'). Otherwise just continue,
and I'll forget about whatever was undefined.


LaTeX Warning: Reference `classcs110graphics_1_1Oval' on page  undefined on inp
ut line 10.


! LaTeX Error: Command \item invalid in math mode.

See the LaTeX manual or LaTeX Companion for explanation.
Type  H <return>  for immediate help.
 ...                                              
                                                  
l.11 \item
          \contentsline{section}{\hyperlink{classcs110graphics_1_1Polygon}{c...

Try typing  <return>  to proceed.
If that doesn't work, type  X <return>  to quit.

! Missing $ inserted.
<inserted text> 
                $
l.11 \item\contentsline
                       {section}{\hyperlink{classcs110graphics_1_1Polygon}{c...
I've inserted a begin-math/end-math symbol since I think
you left one out. Proceed, with fingers crossed.


Overfull \hbox (1045.58731pt too wide) in paragraph at lines 9--11
[][]\OML/cmm/m/it/10 Image[]\OT1/cmr/m/n/10 (\OML/cmm/m/it/10 Animage; whichcan
beaddedtoa[][]object\OT1/cmr/m/n/10 )[][][][][][]$ 
 []


! LaTeX Error: Lonely \item--perhaps a missing list environment.

See the LaTeX manual or LaTeX Companion for explanation.
Type  H <return>  for immediate help.
 ...                                              
                                                  
l.11 \item\contentsline
                       {section}{\hyperlink{classcs110graphics_1_1Polygon}{c...

Try typing  <return>  to proceed.
If that doesn't work, type  X <return>  to quit.

! Undefined control sequence.
l.11 \item\contentsline{section}{\hyperlink
                                           {classcs110graphics_1_1Polygon}{c...
The control sequence at the end of the top line
of your error message was never \def'ed. If you have
misspelled it (e.g., `\hobx'), type `I' and the correct
spelling (e.g., `I\hbox'). Otherwise just continue,
and I'll forget about whatever was undefined.

Missing character: There is no c in font nullfont!
Missing character: There is no l in font nullfont!
Missing character: There is no a in font nullfont!
Missing character: There is no s in font nullfont!
Missing character: There is no s in font nullfont!
Missing character: There is no c in font nullfont!
Missing character: There is no s in font nullfont!
Missing character: There is no 1 in font nullfont!
Missing character: There is no 1 in font nullfont!
Missing character: There is no 0 in font nullfont!
Missing character: There is no g in font nullfont!
Missing character: There is no r in font nullfont!
Missing character: There is no a in font nullfont!
Missing character: There is no p in font nullfont!
Missing character: There is no h in font nullfont!
Missing character: There is no i in font nullfont!
Missing character: There is no c in font nullfont!
Missing character: There is no s in font nullfont!
! Missing $ inserted.
<inserted text> 
                $
l.11 ...ne{section}{\hyperlink{classcs110graphics_
                                                  1_1Polygon}{cs110graphics....
I've inserted a begin-math/end-math symbol since I think
you left one out. Proceed, with fingers crossed.

! Double subscript.
l.11 ...{section}{\hyperlink{classcs110graphics_1_
                                                  1Polygon}{cs110graphics.Po...
I treat `x_1_2' essentially like `x_1{}_2'.

! Extra }, or forgotten $.
l.11 ...{\hyperlink{classcs110graphics_1_1Polygon}
                                                  {cs110graphics.Polygon} (A...
I've deleted a group-closing symbol because it seems to be
spurious, as in `$x}$'. But perhaps the } is legitimate and
you forgot something else, as in `\hbox{$x}'. In such cases
the way to recover is to insert both the forgotten and the
deleted material, e.g., by typing `I$}'.

! Undefined control sequence.
l.11 ...ygon}{cs110graphics.Polygon} (A \hyperlink
                                                  {classcs110graphics_1_1Pol...
The control sequence at the end of the top line
of your error message was never \def'ed. If you have
misspelled it (e.g., `\hobx'), type `I' and the correct
spelling (e.g., `I\hbox'). Otherwise just continue,
and I'll forget about whatever was undefined.

! Double subscript.
l.11 ...lygon} (A \hyperlink{classcs110graphics_1_
                                                  1Polygon}{Polygon}, which ...
I treat `x_1_2' essentially like `x_1{}_2'.

! Undefined control sequence.
l.11 ...lygon}, which can be added to a \hyperlink
                                                  {classcs110graphics_1_1Win...
The control sequence at the end of the top line
of your error message was never \def'ed. If you have
misspelled it (e.g., `\hobx'), type `I' and the correct
spelling (e.g., `I\hbox'). Otherwise just continue,
and I'll forget about whatever was undefined.

! Double subscript.
l.11 ...dded to a \hyperlink{classcs110graphics_1_
                                                  1Window}{Window} object )}...
I treat `x_1_2' essentially like `x_1{}_2'.

! Extra }, or forgotten $.
l.11 ...cs110graphics_1_1Window}{Window} object )}
                                                  {\pageref{classcs110graphi...
I've deleted a group-closing symbol because it seems to be
spurious, as in `$x}$'. But perhaps the } is legitimate and
you forgot something else, as in `\hbox{$x}'. In such cases
the way to recover is to insert both the forgotten and the
deleted material, e.g., by typing `I$}'.

! Undefined control sequence.
<write> ...0graphics_1_1Polygon' on page \thepage 
                                                  \space undefined\on@line .
l.11 ...)}{\pageref{classcs110graphics_1_1Polygon}
                                                  }{}
The control sequence at the end of the top line
of your error message was never \def'ed. If you have
misspelled it (e.g., `\hobx'), type `I' and the correct
spelling (e.g., `I\hbox'). Otherwise just continue,
and I'll forget about whatever was undefined.


LaTeX Warning: Reference `classcs110graphics_1_1Polygon' on page  undefined on 
input line 11.


! LaTeX Error: Command \item invalid in math mode.

See the LaTeX manual or LaTeX Companion for explanation.
Type  H <return>  for immediate help.
 ...                                              
                                                  
l.12 \item
          \contentsline{section}{\hyperlink{classcs110graphics_1_1Rectangle}...

Try typing  <return>  to proceed.
If that doesn't work, type  X <return>  to quit.


! LaTeX Error: Something's wrong--perhaps a missing \item.

See the LaTeX manual or LaTeX Companion for explanation.
Type  H <return>  for immediate help.
 ...                                              
                                                  
l.12 \item\contentsline
                       {section}{\hyperlink{classcs110graphics_1_1Rectangle}...

Try typing  <return>  to proceed.
If that doesn't work, type  X <return>  to quit.


! LaTeX Error: Something's wrong--perhaps a missing \item.

See the LaTeX manual or LaTeX Companion for explanation.
Type  H <return>  for immediate help.
 ...                                              
                                                  
l.12 \item\contentsline
                       {section}{\hyperlink{classcs110graphics_1_1Rectangle}...

Try typing  <return>  to proceed.
If that doesn't work, type  X <return>  to quit.


! LaTeX Error: Lonely \item--perhaps a missing list environment.

See the LaTeX manual or LaTeX Companion for explanation.
Type  H <return>  for immediate help.
 ...                                              
                                                  
l.12 \item\contentsline
                       {section}{\hyperlink{classcs110graphics_1_1Rectangle}...

Try typing  <return>  to proceed.
If that doesn't work, type  X <return>  to quit.

! Undefined control sequence.
l.12 \item\contentsline{section}{\hyperlink
                                           {classcs110graphics_1_1Rectangle}...
The control sequence at the end of the top line
of your error message was never \def'ed. If you have
misspelled it (e.g., `\hobx'), type `I' and the correct
spelling (e.g., `I\hbox'). Otherwise just continue,
and I'll forget about whatever was undefined.

! Double subscript.
l.12 ...{section}{\hyperlink{classcs110graphics_1_
                                                  1Rectangle}{cs110graphics....
I treat `x_1_2' essentially like `x_1{}_2'.

! Undefined control sequence.
l.12 ...tangle, which can be added to a \hyperlink
                                                  {classcs110graphics_1_1Win...
The control sequence at the end of the top line
of your error message was never \def'ed. If you have
misspelled it (e.g., `\hobx'), type `I' and the correct
spelling (e.g., `I\hbox'). Otherwise just continue,
and I'll forget about whatever was undefined.

! Double subscript.
l.12 ...dded to a \hyperlink{classcs110graphics_1_
                                                  1Window}{Window} object )}...
I treat `x_1_2' essentially like `x_1{}_2'.

! Undefined control sequence.
<write> ...raphics_1_1Rectangle' on page \thepage 
                                                  \space undefined\on@line .
l.12 ...{\pageref{classcs110graphics_1_1Rectangle}
                                                  }{}
The control sequence at the end of the top line
of your error message was never \def'ed. If you have
misspelled it (e.g., `\hobx'), type `I' and the correct
spelling (e.g., `I\hbox'). Otherwise just continue,
and I'll forget about whatever was undefined.


LaTeX Warning: Reference `classcs110graphics_1_1Rectangle' on page  undefined o
n input line 12.


! LaTeX Error: Command \item invalid in math mode.

See the LaTeX manual or LaTeX Companion for explanation.
Type  H <return>  for immediate help.
 ...                                              
                                                  
l.13 \item
          \contentsline{section}{\hyperlink{classcs110graphics_1_1Square}{cs...

Try typing  <return>  to proceed.
If that doesn't work, type  X <return>  to quit.

! Missing $ inserted.
<inserted text> 
                $
l.13 \item\contentsline
                       {section}{\hyperlink{classcs110graphics_1_1Square}{cs...
I've inserted a begin-math/end-math symbol since I think
you left one out. Proceed, with fingers crossed.


Overfull \hbox (1259.14255pt too wide) in paragraph at lines 11--13
[][]\OML/cmm/m/it/10 Polygon[]\OT1/cmr/m/n/10 (\OML/cmm/m/it/10 A[][]; whichcan
beaddedtoa[][]object\OT1/cmr/m/n/10 )[][][][][][]$ 
 []


! LaTeX Error: Lonely \item--perhaps a missing list environment.

See the LaTeX manual or LaTeX Companion for explanation.
Type  H <return>  for immediate help.
 ...                                              
                                                  
l.13 \item\contentsline
                       {section}{\hyperlink{classcs110graphics_1_1Square}{cs...

Try typing  <return>  to proceed.
If that doesn't work, type  X <return>  to quit.

! Undefined control sequence.
l.13 \item\contentsline{section}{\hyperlink
                                           {classcs110graphics_1_1Square}{cs...
The control sequence at the end of the top line
of your error message was never \def'ed. If you have
misspelled it (e.g., `\hobx'), type `I' and the correct
spelling (e.g., `I\hbox'). Otherwise just continue,
and I'll forget about whatever was undefined.

Missing character: There is no c in font nullfont!
Missing character: There is no l in font nullfont!
Missing character: There is no a in font nullfont!
Missing character: There is no s in font nullfont!
Missing character: There is no s in font nullfont!
Missing character: There is no c in font nullfont!
Missing character: There is no s in font nullfont!
Missing character: There is no 1 in font nullfont!
Missing character: There is no 1 in font nullfont!
Missing character: There is no 0 in font nullfont!
Missing character: There is no g in font nullfont!
Missing character: There is no r in font nullfont!
Missing character: There is no a in font nullfont!
Missing character: There is no p in font nullfont!
Missing character: There is no h in font nullfont!
Missing character: There is no i in font nullfont!
Missing character: There is no c in font nullfont!
Missing character: There is no s in font nullfont!
! Missing $ inserted.
<inserted text> 
                $
l.13 ...ne{section}{\hyperlink{classcs110graphics_
                                                  1_1Square}{cs110graphics.S...
I've inserted a begin-math/end-math symbol since I think
you left one out. Proceed, with fingers crossed.

! Double subscript.
l.13 ...{section}{\hyperlink{classcs110graphics_1_
                                                  1Square}{cs110graphics.Squ...
I treat `x_1_2' essentially like `x_1{}_2'.

! Extra }, or forgotten $.
l.13 ...}{\hyperlink{classcs110graphics_1_1Square}
                                                  {cs110graphics.Square} (A ...
I've deleted a group-closing symbol because it seems to be
spurious, as in `$x}$'. But perhaps the } is legitimate and
you forgot something else, as in `\hbox{$x}'. In such cases
the way to recover is to insert both the forgotten and the
deleted material, e.g., by typing `I$}'.

! Undefined control sequence.
l.13 ...square, which can be added to a \hyperlink
                                                  {classcs110graphics_1_1Win...
The control sequence at the end of the top line
of your error message was never \def'ed. If you have
misspelled it (e.g., `\hobx'), type `I' and the correct
spelling (e.g., `I\hbox'). Otherwise just continue,
and I'll forget about whatever was undefined.

! Double subscript.
l.13 ...dded to a \hyperlink{classcs110graphics_1_
                                                  1Window}{Window} object )}...
I treat `x_1_2' essentially like `x_1{}_2'.

! Extra }, or forgotten $.
l.13 ...cs110graphics_1_1Window}{Window} object )}
                                                  {\pageref{classcs110graphi...
I've deleted a group-closing symbol because it seems to be
spurious, as in `$x}$'. But perhaps the } is legitimate and
you forgot something else, as in `\hbox{$x}'. In such cases
the way to recover is to insert both the forgotten and the
deleted material, e.g., by typing `I$}'.

! Undefined control sequence.
<write> ...10graphics_1_1Square' on page \thepage 
                                                  \space undefined\on@line .
l.13 ... )}{\pageref{classcs110graphics_1_1Square}
                                                  }{}
The control sequence at the end of the top line
of your error message was never \def'ed. If you have
misspelled it (e.g., `\hobx'), type `I' and the correct
spelling (e.g., `I\hbox'). Otherwise just continue,
and I'll forget about whatever was undefined.


LaTeX Warning: Reference `classcs110graphics_1_1Square' on page  undefined on i
nput line 13.


! LaTeX Error: Command \item invalid in math mode.

See the LaTeX manual or LaTeX Companion for explanation.
Type  H <return>  for immediate help.
 ...                                              
                                                  
l.14 \item
          \contentsline{section}{\hyperlink{classcs110graphics_1_1Text}{cs11...

Try typing  <return>  to proceed.
If that doesn't work, type  X <return>  to quit.


! LaTeX Error: Something's wrong--perhaps a missing \item.

See the LaTeX manual or LaTeX Companion for explanation.
Type  H <return>  for immediate help.
 ...                                              
                                                  
l.14 \item\contentsline
                       {section}{\hyperlink{classcs110graphics_1_1Text}{cs11...

Try typing  <return>  to proceed.
If that doesn't work, type  X <return>  to quit.


! LaTeX Error: Something's wrong--perhaps a missing \item.

See the LaTeX manual or LaTeX Companion for explanation.
Type  H <return>  for immediate help.
 ...                                              
                                                  
l.14 \item\contentsline
                       {section}{\hyperlink{classcs110graphics_1_1Text}{cs11...

Try typing  <return>  to proceed.
If that doesn't work, type  X <return>  to quit.


! LaTeX Error: Lonely \item--perhaps a missing list environment.

See the LaTeX manual or LaTeX Companion for explanation.
Type  H <return>  for immediate help.
 ...                                              
                                                  
l.14 \item\contentsline
                       {section}{\hyperlink{classcs110graphics_1_1Text}{cs11...

Try typing  <return>  to proceed.
If that doesn't work, type  X <return>  to quit.

! Undefined control sequence.
l.14 \item\contentsline{section}{\hyperlink
                                           {classcs110graphics_1_1Text}{cs11...
The control sequence at the end of the top line
of your error message was never \def'ed. If you have
misspelled it (e.g., `\hobx'), type `I' and the correct
spelling (e.g., `I\hbox'). Otherwise just continue,
and I'll forget about whatever was undefined.

! Double subscript.
l.14 ...{section}{\hyperlink{classcs110graphics_1_
                                                  1Text}{cs110graphics.Text}...
I treat `x_1_2' essentially like `x_1{}_2'.

! Undefined control sequence.
l.14 ...s_1_1Text}{cs110graphics.Text} (\hyperlink
                                                  {classcs110graphics_1_1Tex...
The control sequence at the end of the top line
of your error message was never \def'ed. If you have
misspelled it (e.g., `\hobx'), type `I' and the correct
spelling (e.g., `I\hbox'). Otherwise just continue,
and I'll forget about whatever was undefined.

! Double subscript.
l.14 ...cs.Text} (\hyperlink{classcs110graphics_1_
                                                  1Text}{Text} which can be ...
I treat `x_1_2' essentially like `x_1{}_2'.

! Undefined control sequence.
l.14 ...}{Text} which can be added to a \hyperlink
                                                  {classcs110graphics_1_1Win...
The control sequence at the end of the top line
of your error message was never \def'ed. If you have
misspelled it (e.g., `\hobx'), type `I' and the correct
spelling (e.g., `I\hbox'). Otherwise just continue,
and I'll forget about whatever was undefined.

! Double subscript.
l.14 ...dded to a \hyperlink{classcs110graphics_1_
                                                  1Window}{Window} object )}...
I treat `x_1_2' essentially like `x_1{}_2'.

! Undefined control sequence.
<write> ...s110graphics_1_1Text' on page \thepage 
                                                  \space undefined\on@line .
l.14 ...ct )}{\pageref{classcs110graphics_1_1Text}
                                                  }{}
The control sequence at the end of the top line
of your error message was never \def'ed. If you have
misspelled it (e.g., `\hobx'), type `I' and the correct
spelling (e.g., `I\hbox'). Otherwise just continue,
and I'll forget about whatever was undefined.


LaTeX Warning: Reference `classcs110graphics_1_1Text' on page  undefined on inp
ut line 14.


! LaTeX Error: Command \item invalid in math mode.

See the LaTeX manual or LaTeX Companion for explanation.
Type  H <return>  for immediate help.
 ...                                              
                                                  
l.15 \item
          \contentsline{section}{\hyperlink{classcs110graphics_1_1Timer}{cs1...

Try typing  <return>  to proceed.
If that doesn't work, type  X <return>  to quit.

! Missing $ inserted.
<inserted text> 
                $
l.15 \item\contentsline
                       {section}{\hyperlink{classcs110graphics_1_1Timer}{cs1...
I've inserted a begin-math/end-math symbol since I think
you left one out. Proceed, with fingers crossed.


Overfull \hbox (1147.01945pt too wide) in paragraph at lines 13--15
[][]\OML/cmm/m/it/10 Square[]\OT1/cmr/m/n/10 (\OML/cmm/m/it/10 Asquare; whichca
nbeaddedtoa[][]object\OT1/cmr/m/n/10 )[][][][][][]$ 
 []


! LaTeX Error: Lonely \item--perhaps a missing list environment.

See the LaTeX manual or LaTeX Companion for explanation.
Type  H <return>  for immediate help.
 ...                                              
                                                  
l.15 \item\contentsline
                       {section}{\hyperlink{classcs110graphics_1_1Timer}{cs1...

Try typing  <return>  to proceed.
If that doesn't work, type  X <return>  to quit.

! Undefined control sequence.
l.15 \item\contentsline{section}{\hyperlink
                                           {classcs110graphics_1_1Timer}{cs1...
The control sequence at the end of the top line
of your error message was never \def'ed. If you have
misspelled it (e.g., `\hobx'), type `I' and the correct
spelling (e.g., `I\hbox'). Otherwise just continue,
and I'll forget about whatever was undefined.

Missing character: There is no c in font nullfont!
Missing character: There is no l in font nullfont!
Missing character: There is no a in font nullfont!
Missing character: There is no s in font nullfont!
Missing character: There is no s in font nullfont!
Missing character: There is no c in font nullfont!
Missing character: There is no s in font nullfont!
Missing character: There is no 1 in font nullfont!
Missing character: There is no 1 in font nullfont!
Missing character: There is no 0 in font nullfont!
Missing character: There is no g in font nullfont!
Missing character: There is no r in font nullfont!
Missing character: There is no a in font nullfont!
Missing character: There is no p in font nullfont!
Missing character: There is no h in font nullfont!
Missing character: There is no i in font nullfont!
Missing character: There is no c in font nullfont!
Missing character: There is no s in font nullfont!
! Missing $ inserted.
<inserted text> 
                $
l.15 ...ne{section}{\hyperlink{classcs110graphics_
                                                  1_1Timer}{cs110graphics.Ti...
I've inserted a begin-math/end-math symbol since I think
you left one out. Proceed, with fingers crossed.

! Double subscript.
l.15 ...{section}{\hyperlink{classcs110graphics_1_
                                                  1Timer}{cs110graphics.Time...
I treat `x_1_2' essentially like `x_1{}_2'.

! Extra }, or forgotten $.
l.15 ...n}{\hyperlink{classcs110graphics_1_1Timer}
                                                  {cs110graphics.Timer} (A c...
I've deleted a group-closing symbol because it seems to be
spurious, as in `$x}$'. But perhaps the } is legitimate and
you forgot something else, as in `\hbox{$x}'. In such cases
the way to recover is to insert both the forgotten and the
deleted material, e.g., by typing `I$}'.

! Extra }, or forgotten $.
l.15 ...ntinually runs a function after a delay )}
                                                  {\pageref{classcs110graphi...
I've deleted a group-closing symbol because it seems to be
spurious, as in `$x}$'. But perhaps the } is legitimate and
you forgot something else, as in `\hbox{$x}'. In such cases
the way to recover is to insert both the forgotten and the
deleted material, e.g., by typing `I$}'.

! Undefined control sequence.
<write> ...110graphics_1_1Timer' on page \thepage 
                                                  \space undefined\on@line .
l.15 ...y )}{\pageref{classcs110graphics_1_1Timer}
                                                  }{}
The control sequence at the end of the top line
of your error message was never \def'ed. If you have
misspelled it (e.g., `\hobx'), type `I' and the correct
spelling (e.g., `I\hbox'). Otherwise just continue,
and I'll forget about whatever was undefined.


LaTeX Warning: Reference `classcs110graphics_1_1Timer' on page  undefined on in
put line 15.


! LaTeX Error: Command \item invalid in math mode.

See the LaTeX manual or LaTeX Companion for explanation.
Type  H <return>  for immediate help.
 ...                                              
                                                  
l.16 \item
          \contentsline{section}{\hyperlink{classcs110graphics_1_1Window}{cs...

Try typing  <return>  to proceed.
If that doesn't work, type  X <return>  to quit.


! LaTeX Error: Something's wrong--perhaps a missing \item.

See the LaTeX manual or LaTeX Companion for explanation.
Type  H <return>  for immediate help.
 ...                                              
                                                  
l.16 \item\contentsline
                       {section}{\hyperlink{classcs110graphics_1_1Window}{cs...

Try typing  <return>  to proceed.
If that doesn't work, type  X <return>  to quit.


! LaTeX Error: Something's wrong--perhaps a missing \item.

See the LaTeX manual or LaTeX Companion for explanation.
Type  H <return>  for immediate help.
 ...                                              
                                                  
l.16 \item\contentsline
                       {section}{\hyperlink{classcs110graphics_1_1Window}{cs...

Try typing  <return>  to proceed.
If that doesn't work, type  X <return>  to quit.


! LaTeX Error: Lonely \item--perhaps a missing list environment.

See the LaTeX manual or LaTeX Companion for explanation.
Type  H <return>  for immediate help.
 ...                                              
                                                  
l.16 \item\contentsline
                       {section}{\hyperlink{classcs110graphics_1_1Window}{cs...

Try typing  <return>  to proceed.
If that doesn't work, type  X <return>  to quit.

! Undefined control sequence.
l.16 \item\contentsline{section}{\hyperlink
                                           {classcs110graphics_1_1Window}{cs...
The control sequence at the end of the top line
of your error message was never \def'ed. If you have
misspelled it (e.g., `\hobx'), type `I' and the correct
spelling (e.g., `I\hbox'). Otherwise just continue,
and I'll forget about whatever was undefined.

! Double subscript.
l.16 ...{section}{\hyperlink{classcs110graphics_1_
                                                  1Window}{cs110graphics.Win...
I treat `x_1_2' essentially like `x_1{}_2'.

! Undefined control sequence.
<write> ...10graphics_1_1Window' on page \thepage 
                                                  \space undefined\on@line .
l.16 ... )}{\pageref{classcs110graphics_1_1Window}
                                                  }{}
The control sequence at the end of the top line
of your error message was never \def'ed. If you have
misspelled it (e.g., `\hobx'), type `I' and the correct
spelling (e.g., `I\hbox'). Otherwise just continue,
and I'll forget about whatever was undefined.


LaTeX Warning: Reference `classcs110graphics_1_1Window' on page  undefined on i
nput line 16.


! LaTeX Error: \begin{document} ended by \end{DoxyCompactList}.

See the LaTeX manual or LaTeX Companion for explanation.
Type  H <return>  for immediate help.
 ...                                              
                                                  
l.17 \end{DoxyCompactList}
                          
Your command was ignored.
Type  I <command> <return>  to replace it with another command,
or  <return>  to continue without it.

! Missing $ inserted.
<inserted text> 
                $
l.17 \end{DoxyCompactList}
                          
I've inserted something that you may have forgotten.
(See the <inserted text> above.)
With luck, this will get me unwedged. But if you
really didn't forget anything, try typing `2' now; then
my insertion and my current dilemma will both disappear.

! Missing } inserted.
<inserted text> 
                }
l.17 \end{DoxyCompactList}
                          
I've inserted something that you may have forgotten.
(See the <inserted text> above.)
With luck, this will get me unwedged. But if you
really didn't forget anything, try typing `2' now; then
my insertion and my current dilemma will both disappear.

! Missing } inserted.
<inserted text> 
                }
l.17 \end{DoxyCompactList}
                          
I've inserted something that you may have forgotten.
(See the <inserted text> above.)
With luck, this will get me unwedged. But if you
really didn't forget anything, try typing `2' now; then
my insertion and my current dilemma will both disappear.

! Missing } inserted.
<inserted text> 
                }
l.17 \end{DoxyCompactList}
                          
I've inserted something that you may have forgotten.
(See the <inserted text> above.)
With luck, this will get me unwedged. But if you
really didn't forget anything, try typing `2' now; then
my insertion and my current dilemma will both disappear.

! Missing } inserted.
<inserted text> 
                }
l.17 \end{DoxyCompactList}
                          
I've inserted something that you may have forgotten.
(See the <inserted text> above.)
With luck, this will get me unwedged. But if you
really didn't forget anything, try typing `2' now; then
my insertion and my current dilemma will both disappear.

! Missing } inserted.
<inserted text> 
                }
l.17 \end{DoxyCompactList}
                          
I've inserted something that you may have forgotten.
(See the <inserted text> above.)
With luck, this will get me unwedged. But if you
really didn't forget anything, try typing `2' now; then
my insertion and my current dilemma will both disappear.

! Missing } inserted.
<inserted text> 
                }
l.17 \end{DoxyCompactList}
                          
I've inserted something that you may have forgotten.
(See the <inserted text> above.)
With luck, this will get me unwedged. But if you
really didn't forget anything, try typing `2' now; then
my insertion and my current dilemma will both disappear.

! Missing } inserted.
<inserted text> 
                }
l.17 \end{DoxyCompactList}
                          
I've inserted something that you may have forgotten.
(See the <inserted text> above.)
With luck, this will get me unwedged. But if you
really didn't forget anything, try typing `2' now; then
my insertion and my current dilemma will both disappear.

! Missing } inserted.
<inserted text> 
                }
l.17 \end{DoxyCompactList}
                          
I've inserted something that you may have forgotten.
(See the <inserted text> above.)
With luck, this will get me unwedged. But if you
really didn't forget anything, try typing `2' now; then
my insertion and my current dilemma will both disappear.

! Missing } inserted.
<inserted text> 
                }
l.17 \end{DoxyCompactList}
                          
I've inserted something that you may have forgotten.
(See the <inserted text> above.)
With luck, this will get me unwedged. But if you
really didn't forget anything, try typing `2' now; then
my insertion and my current dilemma will both disappear.

! Missing } inserted.
<inserted text> 
                }
l.17 \end{DoxyCompactList}
                          
I've inserted something that you may have forgotten.
(See the <inserted text> above.)
With luck, this will get me unwedged. But if you
really didn't forget anything, try typing `2' now; then
my insertion and my current dilemma will both disappear.

! Missing } inserted.
<inserted text> 
                }
l.17 \end{DoxyCompactList}
                          
I've inserted something that you may have forgotten.
(See the <inserted text> above.)
With luck, this will get me unwedged. But if you
really didn't forget anything, try typing `2' now; then
my insertion and my current dilemma will both disappear.

! Missing } inserted.
<inserted text> 
                }
l.17 \end{DoxyCompactList}
                          
I've inserted something that you may have forgotten.
(See the <inserted text> above.)
With luck, this will get me unwedged. But if you
really didn't forget anything, try typing `2' now; then
my insertion and my current dilemma will both disappear.

! Missing } inserted.
<inserted text> 
                }
l.17 \end{DoxyCompactList}
                          
I've inserted something that you may have forgotten.
(See the <inserted text> above.)
With luck, this will get me unwedged. But if you
really didn't forget anything, try typing `2' now; then
my insertion and my current dilemma will both disappear.

! Missing } inserted.
<inserted text> 
                }
l.17 \end{DoxyCompactList}
                          
I've inserted something that you may have forgotten.
(See the <inserted text> above.)
With luck, this will get me unwedged. But if you
really didn't forget anything, try typing `2' now; then
my insertion and my current dilemma will both disappear.

)
! Emergency stop.
<*> ./annotated.tex
                   
*** (job aborted, no legal \end found)

 
Here is how much of TeX's memory you used:
 28 strings out of 492995
 701 string characters out of 6136417
 58074 words of memory out of 5000000
 3680 multiletter control sequences out of 15000+600000
 3948 words of font info for 15 fonts, out of 8000000 for 9000
 1141 hyphenation exceptions out of 8191
 18i,5n,14p,349b,152s stack positions out of 5000i,500n,10000p,200000b,80000s
!  ==> Fatal error occurred, no output PDF file produced!
