\BOOKMARK [0][-]{chapter.1}{\376\377\000N\000a\000m\000e\000s\000p\000a\000c\000e\000\040\000I\000n\000d\000e\000x}{}% 1
\BOOKMARK [1][-]{section.1.1}{\376\377\000P\000a\000c\000k\000a\000g\000e\000\040\000L\000i\000s\000t}{chapter.1}% 2
\BOOKMARK [0][-]{chapter.2}{\376\377\000C\000l\000a\000s\000s\000\040\000I\000n\000d\000e\000x}{}% 3
\BOOKMARK [1][-]{section.2.1}{\376\377\000C\000l\000a\000s\000s\000\040\000H\000i\000e\000r\000a\000r\000c\000h\000y}{chapter.2}% 4
\BOOKMARK [0][-]{chapter.3}{\376\377\000C\000l\000a\000s\000s\000\040\000I\000n\000d\000e\000x}{}% 5
\BOOKMARK [1][-]{section.3.1}{\376\377\000C\000l\000a\000s\000s\000\040\000L\000i\000s\000t}{chapter.3}% 6
\BOOKMARK [0][-]{chapter.4}{\376\377\000N\000a\000m\000e\000s\000p\000a\000c\000e\000\040\000D\000o\000c\000u\000m\000e\000n\000t\000a\000t\000i\000o\000n}{}% 7
\BOOKMARK [1][-]{section.4.1}{\376\377\000P\000a\000c\000k\000a\000g\000e\000\040\000c\000s\0001\0001\0000\000g\000r\000a\000p\000h\000i\000c\000s}{chapter.4}% 8
\BOOKMARK [2][-]{subsection.4.1.1}{\376\377\000D\000e\000t\000a\000i\000l\000e\000d\000\040\000D\000e\000s\000c\000r\000i\000p\000t\000i\000o\000n}{section.4.1}% 9
\BOOKMARK [2][-]{subsection.4.1.2}{\376\377\000F\000u\000n\000c\000t\000i\000o\000n\000\040\000D\000o\000c\000u\000m\000e\000n\000t\000a\000t\000i\000o\000n}{section.4.1}% 10
\BOOKMARK [3][-]{subsubsection.4.1.2.1}{\376\377\000R\000u\000n\000W\000i\000t\000h\000Y\000i\000e\000l\000d\000D\000e\000l\000a\000y}{subsection.4.1.2}% 11
\BOOKMARK [3][-]{subsubsection.4.1.2.2}{\376\377\000S\000t\000a\000r\000t\000G\000r\000a\000p\000h\000i\000c\000s\000S\000y\000s\000t\000e\000m}{subsection.4.1.2}% 12
\BOOKMARK [0][-]{chapter.5}{\376\377\000C\000l\000a\000s\000s\000\040\000D\000o\000c\000u\000m\000e\000n\000t\000a\000t\000i\000o\000n}{}% 13
\BOOKMARK [1][-]{section.5.1}{\376\377\000c\000s\0001\0001\0000\000g\000r\000a\000p\000h\000i\000c\000s\000.\000\137\000R\000u\000n\000W\000i\000t\000h\000Y\000i\000e\000l\000d\000D\000e\000l\000a\000y\000\040\000C\000l\000a\000s\000s\000\040\000R\000e\000f\000e\000r\000e\000n\000c\000e}{chapter.5}% 14
\BOOKMARK [2][-]{subsection.5.1.1}{\376\377\000D\000e\000t\000a\000i\000l\000e\000d\000\040\000D\000e\000s\000c\000r\000i\000p\000t\000i\000o\000n}{section.5.1}% 15
\BOOKMARK [1][-]{section.5.2}{\376\377\000c\000s\0001\0001\0000\000g\000r\000a\000p\000h\000i\000c\000s\000.\000C\000i\000r\000c\000l\000e\000\040\000C\000l\000a\000s\000s\000\040\000R\000e\000f\000e\000r\000e\000n\000c\000e}{chapter.5}% 16
\BOOKMARK [2][-]{subsection.5.2.1}{\376\377\000D\000e\000t\000a\000i\000l\000e\000d\000\040\000D\000e\000s\000c\000r\000i\000p\000t\000i\000o\000n}{section.5.2}% 17
\BOOKMARK [2][-]{subsection.5.2.2}{\376\377\000M\000e\000m\000b\000e\000r\000\040\000F\000u\000n\000c\000t\000i\000o\000n\000\040\000D\000o\000c\000u\000m\000e\000n\000t\000a\000t\000i\000o\000n}{section.5.2}% 18
\BOOKMARK [3][-]{subsubsection.5.2.2.1}{\376\377\000s\000e\000t\000\137\000r\000a\000d\000i\000u\000s}{subsection.5.2.2}% 19
\BOOKMARK [1][-]{section.5.3}{\376\377\000c\000s\0001\0001\0000\000g\000r\000a\000p\000h\000i\000c\000s\000.\000E\000v\000e\000n\000t\000\040\000C\000l\000a\000s\000s\000\040\000R\000e\000f\000e\000r\000e\000n\000c\000e}{chapter.5}% 20
\BOOKMARK [2][-]{subsection.5.3.1}{\376\377\000D\000e\000t\000a\000i\000l\000e\000d\000\040\000D\000e\000s\000c\000r\000i\000p\000t\000i\000o\000n}{section.5.3}% 21
\BOOKMARK [2][-]{subsection.5.3.2}{\376\377\000M\000e\000m\000b\000e\000r\000\040\000F\000u\000n\000c\000t\000i\000o\000n\000\040\000D\000o\000c\000u\000m\000e\000n\000t\000a\000t\000i\000o\000n}{section.5.3}% 22
\BOOKMARK [3][-]{subsubsection.5.3.2.1}{\376\377\000g\000e\000t\000\137\000b\000u\000t\000t\000o\000n}{subsection.5.3.2}% 23
\BOOKMARK [3][-]{subsubsection.5.3.2.2}{\376\377\000g\000e\000t\000\137\000d\000e\000s\000c\000r\000i\000p\000t\000i\000o\000n}{subsection.5.3.2}% 24
\BOOKMARK [3][-]{subsubsection.5.3.2.3}{\376\377\000g\000e\000t\000\137\000k\000e\000y}{subsection.5.3.2}% 25
\BOOKMARK [3][-]{subsubsection.5.3.2.4}{\376\377\000g\000e\000t\000\137\000m\000o\000u\000s\000e\000\137\000l\000o\000c\000a\000t\000i\000o\000n}{subsection.5.3.2}% 26
\BOOKMARK [3][-]{subsubsection.5.3.2.5}{\376\377\000g\000e\000t\000\137\000r\000o\000o\000t\000\137\000m\000o\000u\000s\000e\000\137\000l\000o\000c\000a\000t\000i\000o\000n}{subsection.5.3.2}% 27
\BOOKMARK [1][-]{section.5.4}{\376\377\000c\000s\0001\0001\0000\000g\000r\000a\000p\000h\000i\000c\000s\000.\000E\000v\000e\000n\000t\000H\000a\000n\000d\000l\000e\000r\000\040\000C\000l\000a\000s\000s\000\040\000R\000e\000f\000e\000r\000e\000n\000c\000e}{chapter.5}% 28
\BOOKMARK [2][-]{subsection.5.4.1}{\376\377\000D\000e\000t\000a\000i\000l\000e\000d\000\040\000D\000e\000s\000c\000r\000i\000p\000t\000i\000o\000n}{section.5.4}% 29
\BOOKMARK [2][-]{subsection.5.4.2}{\376\377\000M\000e\000m\000b\000e\000r\000\040\000F\000u\000n\000c\000t\000i\000o\000n\000\040\000D\000o\000c\000u\000m\000e\000n\000t\000a\000t\000i\000o\000n}{section.5.4}% 30
\BOOKMARK [3][-]{subsubsection.5.4.2.1}{\376\377\000h\000a\000n\000d\000k\000e\000\137\000k\000e\000y\000\137\000r\000e\000l\000e\000a\000s\000e}{subsection.5.4.2}% 31
\BOOKMARK [3][-]{subsubsection.5.4.2.2}{\376\377\000h\000a\000n\000d\000l\000e\000\137\000k\000e\000y\000\137\000p\000r\000e\000s\000s}{subsection.5.4.2}% 32
\BOOKMARK [3][-]{subsubsection.5.4.2.3}{\376\377\000h\000a\000n\000d\000l\000e\000\137\000m\000o\000u\000s\000e\000\137\000e\000n\000t\000e\000r}{subsection.5.4.2}% 33
\BOOKMARK [3][-]{subsubsection.5.4.2.4}{\376\377\000h\000a\000n\000d\000l\000e\000\137\000m\000o\000u\000s\000e\000\137\000l\000e\000a\000v\000e}{subsection.5.4.2}% 34
\BOOKMARK [3][-]{subsubsection.5.4.2.5}{\376\377\000h\000a\000n\000d\000l\000e\000\137\000m\000o\000u\000s\000e\000\137\000m\000o\000v\000e}{subsection.5.4.2}% 35
\BOOKMARK [3][-]{subsubsection.5.4.2.6}{\376\377\000h\000a\000n\000d\000l\000e\000\137\000m\000o\000u\000s\000e\000\137\000p\000r\000e\000s\000s}{subsection.5.4.2}% 36
\BOOKMARK [3][-]{subsubsection.5.4.2.7}{\376\377\000h\000a\000n\000d\000l\000e\000\137\000m\000o\000u\000s\000e\000\137\000r\000e\000l\000e\000a\000s\000e}{subsection.5.4.2}% 37
\BOOKMARK [1][-]{section.5.5}{\376\377\000c\000s\0001\0001\0000\000g\000r\000a\000p\000h\000i\000c\000s\000.\000F\000i\000l\000l\000a\000b\000l\000e\000\040\000C\000l\000a\000s\000s\000\040\000R\000e\000f\000e\000r\000e\000n\000c\000e}{chapter.5}% 38
\BOOKMARK [2][-]{subsection.5.5.1}{\376\377\000D\000e\000t\000a\000i\000l\000e\000d\000\040\000D\000e\000s\000c\000r\000i\000p\000t\000i\000o\000n}{section.5.5}% 39
\BOOKMARK [2][-]{subsection.5.5.2}{\376\377\000M\000e\000m\000b\000e\000r\000\040\000F\000u\000n\000c\000t\000i\000o\000n\000\040\000D\000o\000c\000u\000m\000e\000n\000t\000a\000t\000i\000o\000n}{section.5.5}% 40
\BOOKMARK [3][-]{subsubsection.5.5.2.1}{\376\377\000g\000e\000t\000\137\000b\000o\000r\000d\000e\000r\000\137\000c\000o\000l\000o\000r}{subsection.5.5.2}% 41
\BOOKMARK [3][-]{subsubsection.5.5.2.2}{\376\377\000g\000e\000t\000\137\000b\000o\000r\000d\000e\000r\000\137\000w\000i\000d\000t\000h}{subsection.5.5.2}% 42
\BOOKMARK [3][-]{subsubsection.5.5.2.3}{\376\377\000g\000e\000t\000\137\000f\000i\000l\000l\000\137\000c\000o\000l\000o\000r}{subsection.5.5.2}% 43
\BOOKMARK [3][-]{subsubsection.5.5.2.4}{\376\377\000g\000e\000t\000\137\000p\000i\000v\000o\000t}{subsection.5.5.2}% 44
\BOOKMARK [3][-]{subsubsection.5.5.2.5}{\376\377\000r\000o\000t\000a\000t\000e}{subsection.5.5.2}% 45
\BOOKMARK [3][-]{subsubsection.5.5.2.6}{\376\377\000s\000c\000a\000l\000e}{subsection.5.5.2}% 46
\BOOKMARK [3][-]{subsubsection.5.5.2.7}{\376\377\000s\000e\000t\000\137\000b\000o\000r\000d\000e\000r\000\137\000c\000o\000l\000o\000r}{subsection.5.5.2}% 47
\BOOKMARK [3][-]{subsubsection.5.5.2.8}{\376\377\000s\000e\000t\000\137\000b\000o\000r\000d\000e\000r\000\137\000w\000i\000d\000t\000h}{subsection.5.5.2}% 48
\BOOKMARK [3][-]{subsubsection.5.5.2.9}{\376\377\000s\000e\000t\000\137\000f\000i\000l\000l\000\137\000c\000o\000l\000o\000r}{subsection.5.5.2}% 49
\BOOKMARK [3][-]{subsubsection.5.5.2.10}{\376\377\000s\000e\000t\000\137\000p\000i\000v\000o\000t}{subsection.5.5.2}% 50
\BOOKMARK [1][-]{section.5.6}{\376\377\000c\000s\0001\0001\0000\000g\000r\000a\000p\000h\000i\000c\000s\000.\000G\000r\000a\000p\000h\000i\000c\000a\000l\000O\000b\000j\000e\000c\000t\000\040\000C\000l\000a\000s\000s\000\040\000R\000e\000f\000e\000r\000e\000n\000c\000e}{chapter.5}% 51
\BOOKMARK [2][-]{subsection.5.6.1}{\376\377\000D\000e\000t\000a\000i\000l\000e\000d\000\040\000D\000e\000s\000c\000r\000i\000p\000t\000i\000o\000n}{section.5.6}% 52
\BOOKMARK [2][-]{subsection.5.6.2}{\376\377\000M\000e\000m\000b\000e\000r\000\040\000F\000u\000n\000c\000t\000i\000o\000n\000\040\000D\000o\000c\000u\000m\000e\000n\000t\000a\000t\000i\000o\000n}{section.5.6}% 53
\BOOKMARK [3][-]{subsubsection.5.6.2.1}{\376\377\000a\000d\000d\000\137\000h\000a\000n\000d\000l\000e\000r}{subsection.5.6.2}% 54
\BOOKMARK [3][-]{subsubsection.5.6.2.2}{\376\377\000g\000e\000t\000\137\000c\000e\000n\000t\000e\000r}{subsection.5.6.2}% 55
\BOOKMARK [3][-]{subsubsection.5.6.2.3}{\376\377\000g\000e\000t\000\137\000d\000e\000p\000t\000h}{subsection.5.6.2}% 56
\BOOKMARK [3][-]{subsubsection.5.6.2.4}{\376\377\000m\000o\000v\000e}{subsection.5.6.2}% 57
\BOOKMARK [3][-]{subsubsection.5.6.2.5}{\376\377\000m\000o\000v\000e\000\137\000t\000o}{subsection.5.6.2}% 58
\BOOKMARK [3][-]{subsubsection.5.6.2.6}{\376\377\000s\000e\000t\000\137\000d\000e\000p\000t\000h}{subsection.5.6.2}% 59
\BOOKMARK [1][-]{section.5.7}{\376\377\000c\000s\0001\0001\0000\000g\000r\000a\000p\000h\000i\000c\000s\000.\000I\000m\000a\000g\000e\000\040\000C\000l\000a\000s\000s\000\040\000R\000e\000f\000e\000r\000e\000n\000c\000e}{chapter.5}% 60
\BOOKMARK [2][-]{subsection.5.7.1}{\376\377\000D\000e\000t\000a\000i\000l\000e\000d\000\040\000D\000e\000s\000c\000r\000i\000p\000t\000i\000o\000n}{section.5.7}% 61
\BOOKMARK [2][-]{subsection.5.7.2}{\376\377\000M\000e\000m\000b\000e\000r\000\040\000F\000u\000n\000c\000t\000i\000o\000n\000\040\000D\000o\000c\000u\000m\000e\000n\000t\000a\000t\000i\000o\000n}{section.5.7}% 62
\BOOKMARK [3][-]{subsubsection.5.7.2.1}{\376\377\000m\000o\000v\000e}{subsection.5.7.2}% 63
\BOOKMARK [3][-]{subsubsection.5.7.2.2}{\376\377\000m\000o\000v\000e\000\137\000t\000o}{subsection.5.7.2}% 64
\BOOKMARK [3][-]{subsubsection.5.7.2.3}{\376\377\000r\000e\000s\000i\000z\000e}{subsection.5.7.2}% 65
\BOOKMARK [3][-]{subsubsection.5.7.2.4}{\376\377\000r\000o\000t\000a\000t\000e}{subsection.5.7.2}% 66
\BOOKMARK [3][-]{subsubsection.5.7.2.5}{\376\377\000s\000c\000a\000l\000e}{subsection.5.7.2}% 67
\BOOKMARK [3][-]{subsubsection.5.7.2.6}{\376\377\000s\000i\000z\000e}{subsection.5.7.2}% 68
\BOOKMARK [1][-]{section.5.8}{\376\377\000c\000s\0001\0001\0000\000g\000r\000a\000p\000h\000i\000c\000s\000.\000O\000v\000a\000l\000\040\000C\000l\000a\000s\000s\000\040\000R\000e\000f\000e\000r\000e\000n\000c\000e}{chapter.5}% 69
\BOOKMARK [2][-]{subsection.5.8.1}{\376\377\000D\000e\000t\000a\000i\000l\000e\000d\000\040\000D\000e\000s\000c\000r\000i\000p\000t\000i\000o\000n}{section.5.8}% 70
\BOOKMARK [2][-]{subsection.5.8.2}{\376\377\000M\000e\000m\000b\000e\000r\000\040\000F\000u\000n\000c\000t\000i\000o\000n\000\040\000D\000o\000c\000u\000m\000e\000n\000t\000a\000t\000i\000o\000n}{section.5.8}% 71
\BOOKMARK [3][-]{subsubsection.5.8.2.1}{\376\377\000s\000e\000t\000\137\000r\000a\000d\000i\000i}{subsection.5.8.2}% 72
\BOOKMARK [1][-]{section.5.9}{\376\377\000c\000s\0001\0001\0000\000g\000r\000a\000p\000h\000i\000c\000s\000.\000P\000o\000l\000y\000g\000o\000n\000\040\000C\000l\000a\000s\000s\000\040\000R\000e\000f\000e\000r\000e\000n\000c\000e}{chapter.5}% 73
\BOOKMARK [2][-]{subsection.5.9.1}{\376\377\000D\000e\000t\000a\000i\000l\000e\000d\000\040\000D\000e\000s\000c\000r\000i\000p\000t\000i\000o\000n}{section.5.9}% 74
\BOOKMARK [1][-]{section.5.10}{\376\377\000c\000s\0001\0001\0000\000g\000r\000a\000p\000h\000i\000c\000s\000.\000R\000e\000c\000t\000a\000n\000g\000l\000e\000\040\000C\000l\000a\000s\000s\000\040\000R\000e\000f\000e\000r\000e\000n\000c\000e}{chapter.5}% 75
\BOOKMARK [2][-]{subsection.5.10.1}{\376\377\000D\000e\000t\000a\000i\000l\000e\000d\000\040\000D\000e\000s\000c\000r\000i\000p\000t\000i\000o\000n}{section.5.10}% 76
\BOOKMARK [2][-]{subsection.5.10.2}{\376\377\000M\000e\000m\000b\000e\000r\000\040\000F\000u\000n\000c\000t\000i\000o\000n\000\040\000D\000o\000c\000u\000m\000e\000n\000t\000a\000t\000i\000o\000n}{section.5.10}% 77
\BOOKMARK [3][-]{subsubsection.5.10.2.1}{\376\377\000s\000e\000t\000\137\000s\000i\000d\000e\000\137\000l\000e\000n\000g\000t\000h\000s}{subsection.5.10.2}% 78
\BOOKMARK [1][-]{section.5.11}{\376\377\000c\000s\0001\0001\0000\000g\000r\000a\000p\000h\000i\000c\000s\000.\000S\000q\000u\000a\000r\000e\000\040\000C\000l\000a\000s\000s\000\040\000R\000e\000f\000e\000r\000e\000n\000c\000e}{chapter.5}% 79
\BOOKMARK [2][-]{subsection.5.11.1}{\376\377\000D\000e\000t\000a\000i\000l\000e\000d\000\040\000D\000e\000s\000c\000r\000i\000p\000t\000i\000o\000n}{section.5.11}% 80
\BOOKMARK [2][-]{subsection.5.11.2}{\376\377\000M\000e\000m\000b\000e\000r\000\040\000F\000u\000n\000c\000t\000i\000o\000n\000\040\000D\000o\000c\000u\000m\000e\000n\000t\000a\000t\000i\000o\000n}{section.5.11}% 81
\BOOKMARK [3][-]{subsubsection.5.11.2.1}{\376\377\000s\000e\000t\000\137\000s\000i\000d\000e\000\137\000l\000e\000n\000g\000t\000h}{subsection.5.11.2}% 82
\BOOKMARK [1][-]{section.5.12}{\376\377\000c\000s\0001\0001\0000\000g\000r\000a\000p\000h\000i\000c\000s\000.\000T\000e\000x\000t\000\040\000C\000l\000a\000s\000s\000\040\000R\000e\000f\000e\000r\000e\000n\000c\000e}{chapter.5}% 83
\BOOKMARK [2][-]{subsection.5.12.1}{\376\377\000D\000e\000t\000a\000i\000l\000e\000d\000\040\000D\000e\000s\000c\000r\000i\000p\000t\000i\000o\000n}{section.5.12}% 84
\BOOKMARK [2][-]{subsection.5.12.2}{\376\377\000M\000e\000m\000b\000e\000r\000\040\000F\000u\000n\000c\000t\000i\000o\000n\000\040\000D\000o\000c\000u\000m\000e\000n\000t\000a\000t\000i\000o\000n}{section.5.12}% 85
\BOOKMARK [3][-]{subsubsection.5.12.2.1}{\376\377\000m\000o\000v\000e}{subsection.5.12.2}% 86
\BOOKMARK [3][-]{subsubsection.5.12.2.2}{\376\377\000m\000o\000v\000e\000\137\000t\000o}{subsection.5.12.2}% 87
\BOOKMARK [3][-]{subsubsection.5.12.2.3}{\376\377\000s\000e\000t\000\137\000s\000i\000z\000e}{subsection.5.12.2}% 88
\BOOKMARK [3][-]{subsubsection.5.12.2.4}{\376\377\000s\000e\000t\000\137\000t\000e\000x\000t}{subsection.5.12.2}% 89
\BOOKMARK [1][-]{section.5.13}{\376\377\000c\000s\0001\0001\0000\000g\000r\000a\000p\000h\000i\000c\000s\000.\000T\000i\000m\000e\000r\000\040\000C\000l\000a\000s\000s\000\040\000R\000e\000f\000e\000r\000e\000n\000c\000e}{chapter.5}% 90
\BOOKMARK [2][-]{subsection.5.13.1}{\376\377\000D\000e\000t\000a\000i\000l\000e\000d\000\040\000D\000e\000s\000c\000r\000i\000p\000t\000i\000o\000n}{section.5.13}% 91
\BOOKMARK [2][-]{subsection.5.13.2}{\376\377\000M\000e\000m\000b\000e\000r\000\040\000F\000u\000n\000c\000t\000i\000o\000n\000\040\000D\000o\000c\000u\000m\000e\000n\000t\000a\000t\000i\000o\000n}{section.5.13}% 92
\BOOKMARK [3][-]{subsubsection.5.13.2.1}{\376\377\000s\000e\000t\000\137\000f\000u\000n\000c\000t\000i\000o\000n}{subsection.5.13.2}% 93
\BOOKMARK [3][-]{subsubsection.5.13.2.2}{\376\377\000s\000e\000t\000\137\000i\000n\000t\000e\000r\000v\000a\000l}{subsection.5.13.2}% 94
\BOOKMARK [3][-]{subsubsection.5.13.2.3}{\376\377\000s\000t\000a\000r\000t}{subsection.5.13.2}% 95
\BOOKMARK [3][-]{subsubsection.5.13.2.4}{\376\377\000s\000t\000o\000p}{subsection.5.13.2}% 96
\BOOKMARK [1][-]{section.5.14}{\376\377\000c\000s\0001\0001\0000\000g\000r\000a\000p\000h\000i\000c\000s\000.\000W\000i\000n\000d\000o\000w\000\040\000C\000l\000a\000s\000s\000\040\000R\000e\000f\000e\000r\000e\000n\000c\000e}{chapter.5}% 97
\BOOKMARK [2][-]{subsection.5.14.1}{\376\377\000D\000e\000t\000a\000i\000l\000e\000d\000\040\000D\000e\000s\000c\000r\000i\000p\000t\000i\000o\000n}{section.5.14}% 98
\BOOKMARK [2][-]{subsection.5.14.2}{\376\377\000M\000e\000m\000b\000e\000r\000\040\000F\000u\000n\000c\000t\000i\000o\000n\000\040\000D\000o\000c\000u\000m\000e\000n\000t\000a\000t\000i\000o\000n}{section.5.14}% 99
\BOOKMARK [3][-]{subsubsection.5.14.2.1}{\376\377\000a\000d\000d}{subsection.5.14.2}% 100
\BOOKMARK [3][-]{subsubsection.5.14.2.2}{\376\377\000r\000e\000m\000o\000v\000e}{subsection.5.14.2}% 101
\BOOKMARK [3][-]{subsubsection.5.14.2.3}{\376\377\000s\000e\000t\000\137\000b\000a\000c\000k\000g\000r\000o\000u\000n\000d}{subsection.5.14.2}% 102
\BOOKMARK [3][-]{subsubsection.5.14.2.4}{\376\377\000s\000e\000t\000\137\000h\000e\000i\000g\000h\000t}{subsection.5.14.2}% 103
\BOOKMARK [3][-]{subsubsection.5.14.2.5}{\376\377\000s\000e\000t\000\137\000t\000i\000t\000l\000e}{subsection.5.14.2}% 104
\BOOKMARK [3][-]{subsubsection.5.14.2.6}{\376\377\000s\000e\000t\000\137\000w\000i\000d\000t\000h}{subsection.5.14.2}% 105
